{"C:\\Users\\Lenovo\\Desktop\\React Projects\\React Course\\React 2\\React Router V6\\Adopt a Pet\\react_router_v6_project_starting_code\\starting_code\\src\\App.js": {"path":"C:\\Users\\Lenovo\\Desktop\\React Projects\\React Course\\React 2\\React Router V6\\Adopt a Pet\\react_router_v6_project_starting_code\\starting_code\\src\\App.js","statementMap":{"0":{"start":{"line":12,"column":18},"end":{"line":19,"column":10}},"1":{"start":{"line":22,"column":2},"end":{"line":25,"column":4}}},"fnMap":{"0":{"name":"App","decl":{"start":{"line":21,"column":9},"end":{"line":21,"column":12}},"loc":{"start":{"line":21,"column":15},"end":{"line":26,"column":1}},"line":21}},"branchMap":{},"s":{"0":1,"1":0},"f":{"0":0},"b":{},"_coverageSchema":"43e27e138ebf9cfc5966b082cf9a028302ed4184","hash":"ec95975f34f5fc954135006bcb9c0fc21467f8df"}
,"C:\\Users\\Lenovo\\Desktop\\React Projects\\React Course\\React 2\\React Router V6\\Adopt a Pet\\react_router_v6_project_starting_code\\starting_code\\src\\index.js": {"path":"C:\\Users\\Lenovo\\Desktop\\React Projects\\React Course\\React 2\\React Router V6\\Adopt a Pet\\react_router_v6_project_starting_code\\starting_code\\src\\index.js","statementMap":{"0":{"start":{"line":6,"column":19},"end":{"line":6,"column":45}},"1":{"start":{"line":7,"column":0},"end":{"line":7,"column":15}},"2":{"start":{"line":8,"column":18},"end":{"line":8,"column":49}},"3":{"start":{"line":9,"column":13},"end":{"line":9,"column":43}},"4":{"start":{"line":10,"column":0},"end":{"line":14,"column":1}},"5":{"start":{"line":19,"column":0},"end":{"line":19,"column":18}}},"fnMap":{},"branchMap":{},"s":{"0":0,"1":0,"2":0,"3":0,"4":0,"5":0},"f":{},"b":{},"hash":"3002d46e8204dd6ed6bd70ceba3da6d5e82b94f5"}
,"C:\\Users\\Lenovo\\Desktop\\React Projects\\React Course\\React 2\\React Router V6\\Adopt a Pet\\react_router_v6_project_starting_code\\starting_code\\src\\reportWebVitals.js": {"path":"C:\\Users\\Lenovo\\Desktop\\React Projects\\React Course\\React 2\\React Router V6\\Adopt a Pet\\react_router_v6_project_starting_code\\starting_code\\src\\reportWebVitals.js","statementMap":{"0":{"start":{"line":1,"column":24},"end":{"line":11,"column":1}},"1":{"start":{"line":2,"column":2},"end":{"line":10,"column":3}},"2":{"start":{"line":3,"column":4},"end":{"line":9,"column":7}},"3":{"start":{"line":4,"column":6},"end":{"line":4,"column":26}},"4":{"start":{"line":5,"column":6},"end":{"line":5,"column":26}},"5":{"start":{"line":6,"column":6},"end":{"line":6,"column":26}},"6":{"start":{"line":7,"column":6},"end":{"line":7,"column":26}},"7":{"start":{"line":8,"column":6},"end":{"line":8,"column":27}}},"fnMap":{"0":{"name":"(anonymous_0)","decl":{"start":{"line":1,"column":24},"end":{"line":1,"column":25}},"loc":{"start":{"line":1,"column":41},"end":{"line":11,"column":1}},"line":1},"1":{"name":"(anonymous_1)","decl":{"start":{"line":3,"column":30},"end":{"line":3,"column":31}},"loc":{"start":{"line":3,"column":79},"end":{"line":9,"column":5}},"line":3}},"branchMap":{"0":{"loc":{"start":{"line":2,"column":2},"end":{"line":10,"column":3}},"type":"if","locations":[{"start":{"line":2,"column":2},"end":{"line":10,"column":3}},{"start":{"line":2,"column":2},"end":{"line":10,"column":3}}],"line":2},"1":{"loc":{"start":{"line":2,"column":6},"end":{"line":2,"column":52}},"type":"binary-expr","locations":[{"start":{"line":2,"column":6},"end":{"line":2,"column":17}},{"start":{"line":2,"column":21},"end":{"line":2,"column":52}}],"line":2}},"s":{"0":0,"1":0,"2":0,"3":0,"4":0,"5":0,"6":0,"7":0},"f":{"0":0,"1":0},"b":{"0":[0,0],"1":[0,0]},"hash":"d772016af4476478fe61abb2648c08b06891710f"}
,"C:\\Users\\Lenovo\\Desktop\\React Projects\\React Course\\React 2\\React Router V6\\Adopt a Pet\\react_router_v6_project_starting_code\\starting_code\\src\\api\\petfinder\\index.js": {"path":"C:\\Users\\Lenovo\\Desktop\\React Projects\\React Course\\React 2\\React Router V6\\Adopt a Pet\\react_router_v6_project_starting_code\\starting_code\\src\\api\\petfinder\\index.js","statementMap":{"0":{"start":{"line":1,"column":23},"end":{"line":12,"column":1}},"1":{"start":{"line":2,"column":23},"end":{"line":2,"column":59}},"2":{"start":{"line":3,"column":21},"end":{"line":3,"column":58}},"3":{"start":{"line":5,"column":19},"end":{"line":7,"column":4}},"4":{"start":{"line":9,"column":15},"end":{"line":9,"column":36}},"5":{"start":{"line":11,"column":2},"end":{"line":11,"column":14}},"6":{"start":{"line":14,"column":29},"end":{"line":23,"column":1}},"7":{"start":{"line":15,"column":21},"end":{"line":15,"column":37}},"8":{"start":{"line":16,"column":19},"end":{"line":18,"column":4}},"9":{"start":{"line":20,"column":15},"end":{"line":20,"column":36}},"10":{"start":{"line":22,"column":2},"end":{"line":22,"column":14}},"11":{"start":{"line":25,"column":27},"end":{"line":34,"column":1}},"12":{"start":{"line":26,"column":21},"end":{"line":26,"column":29}},"13":{"start":{"line":27,"column":19},"end":{"line":29,"column":4}},"14":{"start":{"line":31,"column":15},"end":{"line":31,"column":36}},"15":{"start":{"line":33,"column":2},"end":{"line":33,"column":14}}},"fnMap":{"0":{"name":"(anonymous_0)","decl":{"start":{"line":1,"column":23},"end":{"line":1,"column":24}},"loc":{"start":{"line":1,"column":56},"end":{"line":12,"column":1}},"line":1},"1":{"name":"(anonymous_1)","decl":{"start":{"line":14,"column":29},"end":{"line":14,"column":30}},"loc":{"start":{"line":14,"column":43},"end":{"line":23,"column":1}},"line":14},"2":{"name":"(anonymous_2)","decl":{"start":{"line":25,"column":27},"end":{"line":25,"column":28}},"loc":{"start":{"line":25,"column":39},"end":{"line":34,"column":1}},"line":25}},"branchMap":{"0":{"loc":{"start":{"line":1,"column":30},"end":{"line":1,"column":39}},"type":"default-arg","locations":[{"start":{"line":1,"column":37},"end":{"line":1,"column":39}}],"line":1},"1":{"loc":{"start":{"line":1,"column":41},"end":{"line":1,"column":51}},"type":"default-arg","locations":[{"start":{"line":1,"column":49},"end":{"line":1,"column":51}}],"line":1}},"s":{"0":1,"1":0,"2":0,"3":0,"4":0,"5":0,"6":1,"7":0,"8":0,"9":0,"10":0,"11":1,"12":0,"13":0,"14":0,"15":0},"f":{"0":0,"1":0,"2":0},"b":{"0":[0],"1":[0]},"_coverageSchema":"43e27e138ebf9cfc5966b082cf9a028302ed4184","hash":"1728d31aac412ba12c16b415a3961b6496715138"}
,"C:\\Users\\Lenovo\\Desktop\\React Projects\\React Course\\React 2\\React Router V6\\Adopt a Pet\\react_router_v6_project_starting_code\\starting_code\\src\\components\\hero\\index.js": {"path":"C:\\Users\\Lenovo\\Desktop\\React Projects\\React Course\\React 2\\React Router V6\\Adopt a Pet\\react_router_v6_project_starting_code\\starting_code\\src\\components\\hero\\index.js","statementMap":{"0":{"start":{"line":3,"column":13},"end":{"line":22,"column":1}},"1":{"start":{"line":4,"column":15},"end":{"line":4,"column":17}},"2":{"start":{"line":6,"column":2},"end":{"line":21,"column":4}},"3":{"start":{"line":26,"column":21},"end":{"line":39,"column":1}},"4":{"start":{"line":27,"column":2},"end":{"line":38,"column":3}},"5":{"start":{"line":29,"column":6},"end":{"line":29,"column":20}},"6":{"start":{"line":31,"column":6},"end":{"line":31,"column":20}},"7":{"start":{"line":33,"column":6},"end":{"line":33,"column":23}},"8":{"start":{"line":35,"column":6},"end":{"line":35,"column":21}},"9":{"start":{"line":37,"column":6},"end":{"line":37,"column":37}}},"fnMap":{"0":{"name":"(anonymous_0)","decl":{"start":{"line":3,"column":13},"end":{"line":3,"column":14}},"loc":{"start":{"line":3,"column":41},"end":{"line":22,"column":1}},"line":3},"1":{"name":"(anonymous_1)","decl":{"start":{"line":26,"column":21},"end":{"line":26,"column":22}},"loc":{"start":{"line":26,"column":31},"end":{"line":39,"column":1}},"line":26}},"branchMap":{"0":{"loc":{"start":{"line":11,"column":10},"end":{"line":11,"column":34}},"type":"binary-expr","locations":[{"start":{"line":11,"column":10},"end":{"line":11,"column":15}},{"start":{"line":11,"column":19},"end":{"line":11,"column":34}}],"line":11},"1":{"loc":{"start":{"line":19,"column":11},"end":{"line":19,"column":44}},"type":"binary-expr","locations":[{"start":{"line":19,"column":11},"end":{"line":19,"column":22}},{"start":{"line":19,"column":26},"end":{"line":19,"column":44}}],"line":19},"2":{"loc":{"start":{"line":27,"column":2},"end":{"line":38,"column":3}},"type":"switch","locations":[{"start":{"line":28,"column":4},"end":{"line":29,"column":20}},{"start":{"line":30,"column":4},"end":{"line":31,"column":20}},{"start":{"line":32,"column":4},"end":{"line":33,"column":23}},{"start":{"line":34,"column":4},"end":{"line":35,"column":21}},{"start":{"line":36,"column":4},"end":{"line":37,"column":37}}],"line":27}},"s":{"0":1,"1":0,"2":0,"3":1,"4":0,"5":0,"6":0,"7":0,"8":0,"9":0},"f":{"0":0,"1":0},"b":{"0":[0,0],"1":[0,0],"2":[0,0,0,0,0]},"_coverageSchema":"43e27e138ebf9cfc5966b082cf9a028302ed4184","hash":"2f69c5e4d4eb577c837cd929207ada9dcff16653"}
,"C:\\Users\\Lenovo\\Desktop\\React Projects\\React Course\\React 2\\React Router V6\\Adopt a Pet\\react_router_v6_project_starting_code\\starting_code\\src\\components\\navigation\\index.js": {"path":"C:\\Users\\Lenovo\\Desktop\\React Projects\\React Course\\React 2\\React Router V6\\Adopt a Pet\\react_router_v6_project_starting_code\\starting_code\\src\\components\\navigation\\index.js","statementMap":{"0":{"start":{"line":8,"column":19},"end":{"line":50,"column":1}},"1":{"start":{"line":9,"column":34},"end":{"line":9,"column":46}},"2":{"start":{"line":11,"column":2},"end":{"line":18,"column":9}},"3":{"start":{"line":13,"column":24},"end":{"line":13,"column":43}},"4":{"start":{"line":14,"column":6},"end":{"line":14,"column":25}},"5":{"start":{"line":17,"column":4},"end":{"line":17,"column":22}},"6":{"start":{"line":20,"column":2},"end":{"line":49,"column":4}},"7":{"start":{"line":30,"column":41},"end":{"line":30,"column":85}},"8":{"start":{"line":37,"column":14},"end":{"line":44,"column":19}},"9":{"start":{"line":41,"column":47},"end":{"line":41,"column":91}}},"fnMap":{"0":{"name":"(anonymous_0)","decl":{"start":{"line":8,"column":19},"end":{"line":8,"column":20}},"loc":{"start":{"line":8,"column":25},"end":{"line":50,"column":1}},"line":8},"1":{"name":"(anonymous_1)","decl":{"start":{"line":11,"column":12},"end":{"line":11,"column":13}},"loc":{"start":{"line":11,"column":18},"end":{"line":18,"column":3}},"line":11},"2":{"name":"getPetTypesData","decl":{"start":{"line":12,"column":19},"end":{"line":12,"column":34}},"loc":{"start":{"line":12,"column":37},"end":{"line":15,"column":5}},"line":12},"3":{"name":"(anonymous_3)","decl":{"start":{"line":30,"column":23},"end":{"line":30,"column":24}},"loc":{"start":{"line":30,"column":41},"end":{"line":30,"column":85}},"line":30},"4":{"name":"(anonymous_4)","decl":{"start":{"line":36,"column":25},"end":{"line":36,"column":26}},"loc":{"start":{"line":37,"column":14},"end":{"line":44,"column":19}},"line":37},"5":{"name":"(anonymous_5)","decl":{"start":{"line":41,"column":29},"end":{"line":41,"column":30}},"loc":{"start":{"line":41,"column":47},"end":{"line":41,"column":91}},"line":41}},"branchMap":{"0":{"loc":{"start":{"line":30,"column":54},"end":{"line":30,"column":83}},"type":"cond-expr","locations":[{"start":{"line":30,"column":63},"end":{"line":30,"column":80}},{"start":{"line":30,"column":81},"end":{"line":30,"column":83}}],"line":30},"1":{"loc":{"start":{"line":35,"column":9},"end":{"line":46,"column":24}},"type":"cond-expr","locations":[{"start":{"line":36,"column":12},"end":{"line":45,"column":14}},{"start":{"line":46,"column":12},"end":{"line":46,"column":24}}],"line":35},"2":{"loc":{"start":{"line":41,"column":60},"end":{"line":41,"column":89}},"type":"cond-expr","locations":[{"start":{"line":41,"column":69},"end":{"line":41,"column":86}},{"start":{"line":41,"column":87},"end":{"line":41,"column":89}}],"line":41}},"s":{"0":1,"1":0,"2":0,"3":0,"4":0,"5":0,"6":0,"7":0,"8":0,"9":0},"f":{"0":0,"1":0,"2":0,"3":0,"4":0,"5":0},"b":{"0":[0,0],"1":[0,0],"2":[0,0]},"_coverageSchema":"43e27e138ebf9cfc5966b082cf9a028302ed4184","hash":"6440befe2b12a0308ef140efba87d473559d4a87"}
,"C:\\Users\\Lenovo\\Desktop\\React Projects\\React Course\\React 2\\React Router V6\\Adopt a Pet\\react_router_v6_project_starting_code\\starting_code\\src\\components\\pet\\index.js": {"path":"C:\\Users\\Lenovo\\Desktop\\React Projects\\React Course\\React 2\\React Router V6\\Adopt a Pet\\react_router_v6_project_starting_code\\starting_code\\src\\components\\pet\\index.js","statementMap":{"0":{"start":{"line":3,"column":12},"end":{"line":29,"column":1}},"1":{"start":{"line":4,"column":2},"end":{"line":28,"column":4}}},"fnMap":{"0":{"name":"(anonymous_0)","decl":{"start":{"line":3,"column":12},"end":{"line":3,"column":13}},"loc":{"start":{"line":3,"column":28},"end":{"line":29,"column":1}},"line":3}},"branchMap":{"0":{"loc":{"start":{"line":16,"column":16},"end":{"line":16,"column":77}},"type":"binary-expr","locations":[{"start":{"line":16,"column":16},"end":{"line":16,"column":40}},{"start":{"line":16,"column":44},"end":{"line":16,"column":77}}],"line":16}},"s":{"0":1,"1":0},"f":{"0":0},"b":{"0":[0,0]},"_coverageSchema":"43e27e138ebf9cfc5966b082cf9a028302ed4184","hash":"41c594f470651826ab2e47570c329f9980536a63"}
,"C:\\Users\\Lenovo\\Desktop\\React Projects\\React Course\\React 2\\React Router V6\\Adopt a Pet\\react_router_v6_project_starting_code\\starting_code\\src\\components\\root\\index.js": {"path":"C:\\Users\\Lenovo\\Desktop\\React Projects\\React Course\\React 2\\React Router V6\\Adopt a Pet\\react_router_v6_project_starting_code\\starting_code\\src\\components\\root\\index.js","statementMap":{"0":{"start":{"line":6,"column":13},"end":{"line":14,"column":1}},"1":{"start":{"line":7,"column":4},"end":{"line":13,"column":6}}},"fnMap":{"0":{"name":"(anonymous_0)","decl":{"start":{"line":6,"column":13},"end":{"line":6,"column":14}},"loc":{"start":{"line":6,"column":19},"end":{"line":14,"column":1}},"line":6}},"branchMap":{},"s":{"0":1,"1":0},"f":{"0":0},"b":{},"_coverageSchema":"43e27e138ebf9cfc5966b082cf9a028302ed4184","hash":"80d226adf702e8ce4ad9e5dec980c4b09dc24912"}
,"C:\\Users\\Lenovo\\Desktop\\React Projects\\React Course\\React 2\\React Router V6\\Adopt a Pet\\react_router_v6_project_starting_code\\starting_code\\src\\components\\search\\index.js": {"path":"C:\\Users\\Lenovo\\Desktop\\React Projects\\React Course\\React 2\\React Router V6\\Adopt a Pet\\react_router_v6_project_starting_code\\starting_code\\src\\components\\search\\index.js","statementMap":{"0":{"start":{"line":5,"column":15},"end":{"line":37,"column":1}},"1":{"start":{"line":8,"column":19},"end":{"line":8,"column":32}},"2":{"start":{"line":10,"column":25},"end":{"line":10,"column":33}},"3":{"start":{"line":12,"column":26},"end":{"line":27,"column":3}},"4":{"start":{"line":13,"column":4},"end":{"line":13,"column":23}},"5":{"start":{"line":15,"column":24},"end":{"line":17,"column":5}},"6":{"start":{"line":20,"column":18},"end":{"line":20,"column":49}},"7":{"start":{"line":21,"column":4},"end":{"line":24,"column":6}},"8":{"start":{"line":29,"column":2},"end":{"line":36,"column":4}}},"fnMap":{"0":{"name":"(anonymous_0)","decl":{"start":{"line":5,"column":15},"end":{"line":5,"column":16}},"loc":{"start":{"line":5,"column":21},"end":{"line":37,"column":1}},"line":5},"1":{"name":"(anonymous_1)","decl":{"start":{"line":12,"column":26},"end":{"line":12,"column":27}},"loc":{"start":{"line":12,"column":33},"end":{"line":27,"column":3}},"line":12}},"branchMap":{},"s":{"0":1,"1":0,"2":0,"3":0,"4":0,"5":0,"6":0,"7":0,"8":0},"f":{"0":0,"1":0},"b":{},"_coverageSchema":"43e27e138ebf9cfc5966b082cf9a028302ed4184","hash":"0ca4eb6cb2c9243ff2b9b94f64b26da0cf5373c3"}
,"C:\\Users\\Lenovo\\Desktop\\React Projects\\React Course\\React 2\\React Router V6\\Adopt a Pet\\react_router_v6_project_starting_code\\starting_code\\src\\mocks\\browser.js": {"path":"C:\\Users\\Lenovo\\Desktop\\React Projects\\React Course\\React 2\\React Router V6\\Adopt a Pet\\react_router_v6_project_starting_code\\starting_code\\src\\mocks\\browser.js","statementMap":{"0":{"start":{"line":4,"column":22},"end":{"line":4,"column":46}}},"fnMap":{},"branchMap":{},"s":{"0":0},"f":{},"b":{},"hash":"f18bdf7a927de618bf77ac6c5562de12e89ef449"}
,"C:\\Users\\Lenovo\\Desktop\\React Projects\\React Course\\React 2\\React Router V6\\Adopt a Pet\\react_router_v6_project_starting_code\\starting_code\\src\\mocks\\handlers.js": {"path":"C:\\Users\\Lenovo\\Desktop\\React Projects\\React Course\\React 2\\React Router V6\\Adopt a Pet\\react_router_v6_project_starting_code\\starting_code\\src\\mocks\\handlers.js","statementMap":{"0":{"start":{"line":6,"column":24},"end":{"line":41,"column":1}},"1":{"start":{"line":8,"column":4},"end":{"line":8,"column":49}},"2":{"start":{"line":11,"column":17},"end":{"line":11,"column":49}},"3":{"start":{"line":12,"column":18},"end":{"line":12,"column":51}},"4":{"start":{"line":13,"column":19},"end":{"line":13,"column":34}},"5":{"start":{"line":15,"column":4},"end":{"line":19,"column":5}},"6":{"start":{"line":16,"column":6},"end":{"line":18,"column":8}},"7":{"start":{"line":17,"column":20},"end":{"line":17,"column":68}},"8":{"start":{"line":20,"column":4},"end":{"line":28,"column":5}},"9":{"start":{"line":21,"column":6},"end":{"line":27,"column":8}},"10":{"start":{"line":23,"column":10},"end":{"line":26,"column":65}},"11":{"start":{"line":29,"column":4},"end":{"line":29,"column":52}},"12":{"start":{"line":32,"column":19},"end":{"line":32,"column":29}},"13":{"start":{"line":33,"column":19},"end":{"line":33,"column":30}},"14":{"start":{"line":35,"column":4},"end":{"line":37,"column":5}},"15":{"start":{"line":36,"column":6},"end":{"line":36,"column":34}},"16":{"start":{"line":39,"column":4},"end":{"line":39,"column":52}}},"fnMap":{"0":{"name":"(anonymous_0)","decl":{"start":{"line":7,"column":21},"end":{"line":7,"column":22}},"loc":{"start":{"line":7,"column":41},"end":{"line":9,"column":3}},"line":7},"1":{"name":"(anonymous_1)","decl":{"start":{"line":10,"column":23},"end":{"line":10,"column":24}},"loc":{"start":{"line":10,"column":42},"end":{"line":30,"column":3}},"line":10},"2":{"name":"(anonymous_2)","decl":{"start":{"line":17,"column":8},"end":{"line":17,"column":9}},"loc":{"start":{"line":17,"column":20},"end":{"line":17,"column":68}},"line":17},"3":{"name":"(anonymous_3)","decl":{"start":{"line":22,"column":8},"end":{"line":22,"column":9}},"loc":{"start":{"line":23,"column":10},"end":{"line":26,"column":65}},"line":23},"4":{"name":"(anonymous_4)","decl":{"start":{"line":31,"column":27},"end":{"line":31,"column":28}},"loc":{"start":{"line":31,"column":46},"end":{"line":40,"column":3}},"line":31}},"branchMap":{"0":{"loc":{"start":{"line":15,"column":4},"end":{"line":19,"column":5}},"type":"if","locations":[{"start":{"line":15,"column":4},"end":{"line":19,"column":5}},{"start":{"line":15,"column":4},"end":{"line":19,"column":5}}],"line":15},"1":{"loc":{"start":{"line":20,"column":4},"end":{"line":28,"column":5}},"type":"if","locations":[{"start":{"line":20,"column":4},"end":{"line":28,"column":5}},{"start":{"line":20,"column":4},"end":{"line":28,"column":5}}],"line":20},"2":{"loc":{"start":{"line":23,"column":10},"end":{"line":26,"column":65}},"type":"binary-expr","locations":[{"start":{"line":23,"column":10},"end":{"line":25,"column":42}},{"start":{"line":26,"column":10},"end":{"line":26,"column":65}}],"line":23},"3":{"loc":{"start":{"line":35,"column":4},"end":{"line":37,"column":5}},"type":"if","locations":[{"start":{"line":35,"column":4},"end":{"line":37,"column":5}},{"start":{"line":35,"column":4},"end":{"line":37,"column":5}}],"line":35}},"s":{"0":0,"1":0,"2":0,"3":0,"4":0,"5":0,"6":0,"7":0,"8":0,"9":0,"10":0,"11":0,"12":0,"13":0,"14":0,"15":0,"16":0},"f":{"0":0,"1":0,"2":0,"3":0,"4":0},"b":{"0":[0,0],"1":[0,0],"2":[0,0],"3":[0,0]},"hash":"86b1240838b55fa3193c78d5ecaffcbdd678c0e4"}
,"C:\\Users\\Lenovo\\Desktop\\React Projects\\React Course\\React 2\\React Router V6\\Adopt a Pet\\react_router_v6_project_starting_code\\starting_code\\src\\pages\\detail\\index.js": {"path":"C:\\Users\\Lenovo\\Desktop\\React Projects\\React Course\\React 2\\React Router V6\\Adopt a Pet\\react_router_v6_project_starting_code\\starting_code\\src\\pages\\detail\\index.js","statementMap":{"0":{"start":{"line":10,"column":23},"end":{"line":68,"column":1}},"1":{"start":{"line":11,"column":26},"end":{"line":11,"column":36}},"2":{"start":{"line":12,"column":32},"end":{"line":12,"column":46}},"3":{"start":{"line":13,"column":28},"end":{"line":13,"column":43}},"4":{"start":{"line":14,"column":17},"end":{"line":14,"column":28}},"5":{"start":{"line":16,"column":2},"end":{"line":29,"column":11}},"6":{"start":{"line":18,"column":6},"end":{"line":24,"column":7}},"7":{"start":{"line":19,"column":25},"end":{"line":19,"column":48}},"8":{"start":{"line":20,"column":8},"end":{"line":20,"column":26}},"9":{"start":{"line":21,"column":8},"end":{"line":21,"column":24}},"10":{"start":{"line":23,"column":8},"end":{"line":23,"column":23}},"11":{"start":{"line":25,"column":6},"end":{"line":25,"column":24}},"12":{"start":{"line":28,"column":4},"end":{"line":28,"column":18}},"13":{"start":{"line":31,"column":2},"end":{"line":67,"column":4}}},"fnMap":{"0":{"name":"(anonymous_0)","decl":{"start":{"line":10,"column":23},"end":{"line":10,"column":24}},"loc":{"start":{"line":10,"column":29},"end":{"line":68,"column":1}},"line":10},"1":{"name":"(anonymous_1)","decl":{"start":{"line":16,"column":12},"end":{"line":16,"column":13}},"loc":{"start":{"line":16,"column":18},"end":{"line":29,"column":3}},"line":16},"2":{"name":"getPetsData","decl":{"start":{"line":17,"column":19},"end":{"line":17,"column":30}},"loc":{"start":{"line":17,"column":33},"end":{"line":26,"column":5}},"line":17}},"branchMap":{"0":{"loc":{"start":{"line":33,"column":7},"end":{"line":65,"column":7}},"type":"cond-expr","locations":[{"start":{"line":34,"column":8},"end":{"line":34,"column":27}},{"start":{"line":35,"column":10},"end":{"line":65,"column":7}}],"line":33},"1":{"loc":{"start":{"line":35,"column":10},"end":{"line":65,"column":7}},"type":"cond-expr","locations":[{"start":{"line":36,"column":8},"end":{"line":38,"column":14}},{"start":{"line":40,"column":8},"end":{"line":64,"column":15}}],"line":35},"2":{"loc":{"start":{"line":42,"column":19},"end":{"line":42,"column":76}},"type":"binary-expr","locations":[{"start":{"line":42,"column":19},"end":{"line":42,"column":39}},{"start":{"line":42,"column":43},"end":{"line":42,"column":76}}],"line":42},"3":{"loc":{"start":{"line":50,"column":18},"end":{"line":50,"column":77}},"type":"binary-expr","locations":[{"start":{"line":50,"column":18},"end":{"line":50,"column":40}},{"start":{"line":50,"column":44},"end":{"line":50,"column":77}}],"line":50},"4":{"loc":{"start":{"line":58,"column":25},"end":{"line":58,"column":57}},"type":"binary-expr","locations":[{"start":{"line":58,"column":25},"end":{"line":58,"column":44}},{"start":{"line":58,"column":48},"end":{"line":58,"column":57}}],"line":58}},"s":{"0":1,"1":0,"2":0,"3":0,"4":0,"5":0,"6":0,"7":0,"8":0,"9":0,"10":0,"11":0,"12":0,"13":0},"f":{"0":0,"1":0,"2":0},"b":{"0":[0,0],"1":[0,0],"2":[0,0],"3":[0,0],"4":[0,0]},"_coverageSchema":"43e27e138ebf9cfc5966b082cf9a028302ed4184","hash":"fe5c683aa63976b5c2736e80c23367453a660d97"}
,"C:\\Users\\Lenovo\\Desktop\\React Projects\\React Course\\React 2\\React Router V6\\Adopt a Pet\\react_router_v6_project_starting_code\\starting_code\\src\\pages\\home\\index.js": {"path":"C:\\Users\\Lenovo\\Desktop\\React Projects\\React Course\\React 2\\React Router V6\\Adopt a Pet\\react_router_v6_project_starting_code\\starting_code\\src\\pages\\home\\index.js","statementMap":{"0":{"start":{"line":9,"column":17},"end":{"line":68,"column":1}},"1":{"start":{"line":10,"column":26},"end":{"line":10,"column":40}},"2":{"start":{"line":11,"column":19},"end":{"line":11,"column":30}},"3":{"start":{"line":13,"column":2},"end":{"line":20,"column":13}},"4":{"start":{"line":15,"column":23},"end":{"line":15,"column":42}},"5":{"start":{"line":16,"column":6},"end":{"line":16,"column":24}},"6":{"start":{"line":19,"column":4},"end":{"line":19,"column":18}},"7":{"start":{"line":22,"column":2},"end":{"line":24,"column":3}},"8":{"start":{"line":23,"column":4},"end":{"line":23,"column":31}},"9":{"start":{"line":26,"column":2},"end":{"line":67,"column":4}},"10":{"start":{"line":37,"column":12},"end":{"line":60,"column":19}}},"fnMap":{"0":{"name":"(anonymous_0)","decl":{"start":{"line":9,"column":17},"end":{"line":9,"column":18}},"loc":{"start":{"line":9,"column":23},"end":{"line":68,"column":1}},"line":9},"1":{"name":"(anonymous_1)","decl":{"start":{"line":13,"column":12},"end":{"line":13,"column":13}},"loc":{"start":{"line":13,"column":18},"end":{"line":20,"column":3}},"line":13},"2":{"name":"getPetsData","decl":{"start":{"line":14,"column":19},"end":{"line":14,"column":30}},"loc":{"start":{"line":14,"column":33},"end":{"line":17,"column":5}},"line":14},"3":{"name":"(anonymous_3)","decl":{"start":{"line":36,"column":20},"end":{"line":36,"column":21}},"loc":{"start":{"line":37,"column":12},"end":{"line":60,"column":19}},"line":37}},"branchMap":{"0":{"loc":{"start":{"line":22,"column":2},"end":{"line":24,"column":3}},"type":"if","locations":[{"start":{"line":22,"column":2},"end":{"line":24,"column":3}},{"start":{"line":22,"column":2},"end":{"line":24,"column":3}}],"line":22},"1":{"loc":{"start":{"line":30,"column":42},"end":{"line":30,"column":68}},"type":"cond-expr","locations":[{"start":{"line":30,"column":49},"end":{"line":30,"column":59}},{"start":{"line":30,"column":62},"end":{"line":30,"column":68}}],"line":30},"2":{"loc":{"start":{"line":34,"column":7},"end":{"line":65,"column":7}},"type":"cond-expr","locations":[{"start":{"line":35,"column":8},"end":{"line":62,"column":14}},{"start":{"line":64,"column":8},"end":{"line":64,"column":72}}],"line":34},"3":{"loc":{"start":{"line":48,"column":24},"end":{"line":49,"column":45}},"type":"binary-expr","locations":[{"start":{"line":48,"column":24},"end":{"line":48,"column":48}},{"start":{"line":49,"column":24},"end":{"line":49,"column":45}}],"line":48}},"s":{"0":1,"1":0,"2":0,"3":0,"4":0,"5":0,"6":0,"7":0,"8":0,"9":0,"10":0},"f":{"0":0,"1":0,"2":0,"3":0},"b":{"0":[0,0],"1":[0,0],"2":[0,0],"3":[0,0]},"_coverageSchema":"43e27e138ebf9cfc5966b082cf9a028302ed4184","hash":"45b0f631fd4a3adfc71df20d38fd551e166350b6"}
,"C:\\Users\\Lenovo\\Desktop\\React Projects\\React Course\\React 2\\React Router V6\\Adopt a Pet\\react_router_v6_project_starting_code\\starting_code\\src\\pages\\petDetailsNotFound\\index.js": {"path":"C:\\Users\\Lenovo\\Desktop\\React Projects\\React Course\\React 2\\React Router V6\\Adopt a Pet\\react_router_v6_project_starting_code\\starting_code\\src\\pages\\petDetailsNotFound\\index.js","statementMap":{"0":{"start":{"line":4,"column":27},"end":{"line":28,"column":1}},"1":{"start":{"line":7,"column":19},"end":{"line":7,"column":32}},"2":{"start":{"line":9,"column":17},"end":{"line":11,"column":3}},"3":{"start":{"line":10,"column":4},"end":{"line":10,"column":17}},"4":{"start":{"line":13,"column":2},"end":{"line":27,"column":4}}},"fnMap":{"0":{"name":"(anonymous_0)","decl":{"start":{"line":4,"column":27},"end":{"line":4,"column":28}},"loc":{"start":{"line":4,"column":33},"end":{"line":28,"column":1}},"line":4},"1":{"name":"(anonymous_1)","decl":{"start":{"line":9,"column":17},"end":{"line":9,"column":18}},"loc":{"start":{"line":9,"column":23},"end":{"line":11,"column":3}},"line":9}},"branchMap":{},"s":{"0":1,"1":0,"2":0,"3":0,"4":0},"f":{"0":0,"1":0},"b":{},"_coverageSchema":"43e27e138ebf9cfc5966b082cf9a028302ed4184","hash":"e90e5ac8f1b7f312846643416708576e5a6f6529"}
,"C:\\Users\\Lenovo\\Desktop\\React Projects\\React Course\\React 2\\React Router V6\\Adopt a Pet\\react_router_v6_project_starting_code\\starting_code\\src\\pages\\search\\index.js": {"path":"C:\\Users\\Lenovo\\Desktop\\React Projects\\React Course\\React 2\\React Router V6\\Adopt a Pet\\react_router_v6_project_starting_code\\starting_code\\src\\pages\\search\\index.js","statementMap":{"0":{"start":{"line":7,"column":19},"end":{"line":40,"column":1}},"1":{"start":{"line":10,"column":27},"end":{"line":10,"column":44}},"2":{"start":{"line":11,"column":24},"end":{"line":11,"column":48}},"3":{"start":{"line":13,"column":26},"end":{"line":13,"column":38}},"4":{"start":{"line":15,"column":2},"end":{"line":23,"column":22}},"5":{"start":{"line":17,"column":23},"end":{"line":17,"column":55}},"6":{"start":{"line":19,"column":6},"end":{"line":19,"column":24}},"7":{"start":{"line":22,"column":4},"end":{"line":22,"column":18}},"8":{"start":{"line":25,"column":2},"end":{"line":39,"column":4}},"9":{"start":{"line":34,"column":12},"end":{"line":34,"column":45}}},"fnMap":{"0":{"name":"(anonymous_0)","decl":{"start":{"line":7,"column":19},"end":{"line":7,"column":20}},"loc":{"start":{"line":7,"column":25},"end":{"line":40,"column":1}},"line":7},"1":{"name":"(anonymous_1)","decl":{"start":{"line":15,"column":12},"end":{"line":15,"column":13}},"loc":{"start":{"line":15,"column":18},"end":{"line":23,"column":3}},"line":15},"2":{"name":"getPetsData","decl":{"start":{"line":16,"column":19},"end":{"line":16,"column":30}},"loc":{"start":{"line":16,"column":33},"end":{"line":20,"column":5}},"line":16},"3":{"name":"(anonymous_3)","decl":{"start":{"line":33,"column":20},"end":{"line":33,"column":21}},"loc":{"start":{"line":34,"column":12},"end":{"line":34,"column":45}},"line":34}},"branchMap":{},"s":{"0":1,"1":0,"2":0,"3":0,"4":0,"5":0,"6":0,"7":0,"8":0,"9":0},"f":{"0":0,"1":0,"2":0,"3":0},"b":{},"_coverageSchema":"43e27e138ebf9cfc5966b082cf9a028302ed4184","hash":"ad3cfb700919b3f0988c8f2942d6e09eee429520"}
}
