TN:
SF:C:\Users\Lenovo\Desktop\React Projects\React Course\React 2\React Router V6\Adopt a Pet\react_router_v6_project_starting_code\starting_code\src\App.js
FN:21,App
FNF:1
FNH:0
FNDA:0,App
DA:12,1
DA:22,0
LF:2
LH:1
BRF:0
BRH:0
end_of_record
TN:
SF:C:\Users\Lenovo\Desktop\React Projects\React Course\React 2\React Router V6\Adopt a Pet\react_router_v6_project_starting_code\starting_code\src\index.js
FNF:0
FNH:0
DA:6,0
DA:7,0
DA:8,0
DA:9,0
DA:10,0
DA:19,0
LF:6
LH:0
BRF:0
BRH:0
end_of_record
TN:
SF:C:\Users\Lenovo\Desktop\React Projects\React Course\React 2\React Router V6\Adopt a Pet\react_router_v6_project_starting_code\starting_code\src\reportWebVitals.js
FN:1,(anonymous_0)
FN:3,(anonymous_1)
FNF:2
FNH:0
FNDA:0,(anonymous_0)
FNDA:0,(anonymous_1)
DA:1,0
DA:2,0
DA:3,0
DA:4,0
DA:5,0
DA:6,0
DA:7,0
DA:8,0
LF:8
LH:0
BRDA:2,0,0,0
BRDA:2,0,1,0
BRDA:2,1,0,0
BRDA:2,1,1,0
BRF:4
BRH:0
end_of_record
TN:
SF:C:\Users\Lenovo\Desktop\React Projects\React Course\React 2\React Router V6\Adopt a Pet\react_router_v6_project_starting_code\starting_code\src\api\petfinder\index.js
FN:1,(anonymous_0)
FN:14,(anonymous_1)
FN:25,(anonymous_2)
FNF:3
FNH:0
FNDA:0,(anonymous_0)
FNDA:0,(anonymous_1)
FNDA:0,(anonymous_2)
DA:1,1
DA:2,0
DA:3,0
DA:5,0
DA:9,0
DA:11,0
DA:14,1
DA:15,0
DA:16,0
DA:20,0
DA:22,0
DA:25,1
DA:26,0
DA:27,0
DA:31,0
DA:33,0
LF:16
LH:3
BRDA:1,0,0,0
BRDA:1,1,0,0
BRF:2
BRH:0
end_of_record
TN:
SF:C:\Users\Lenovo\Desktop\React Projects\React Course\React 2\React Router V6\Adopt a Pet\react_router_v6_project_starting_code\starting_code\src\components\hero\index.js
FN:3,(anonymous_0)
FN:26,(anonymous_1)
FNF:2
FNH:0
FNDA:0,(anonymous_0)
FNDA:0,(anonymous_1)
DA:3,1
DA:4,0
DA:6,0
DA:26,1
DA:27,0
DA:29,0
DA:31,0
DA:33,0
DA:35,0
DA:37,0
LF:10
LH:2
BRDA:11,0,0,0
BRDA:11,0,1,0
BRDA:19,1,0,0
BRDA:19,1,1,0
BRDA:27,2,0,0
BRDA:27,2,1,0
BRDA:27,2,2,0
BRDA:27,2,3,0
BRDA:27,2,4,0
BRF:9
BRH:0
end_of_record
TN:
SF:C:\Users\Lenovo\Desktop\React Projects\React Course\React 2\React Router V6\Adopt a Pet\react_router_v6_project_starting_code\starting_code\src\components\navigation\index.js
FN:8,(anonymous_0)
FN:11,(anonymous_1)
FN:12,getPetTypesData
FN:30,(anonymous_3)
FN:36,(anonymous_4)
FN:41,(anonymous_5)
FNF:6
FNH:0
FNDA:0,(anonymous_0)
FNDA:0,(anonymous_1)
FNDA:0,getPetTypesData
FNDA:0,(anonymous_3)
FNDA:0,(anonymous_4)
FNDA:0,(anonymous_5)
DA:8,1
DA:9,0
DA:11,0
DA:13,0
DA:14,0
DA:17,0
DA:20,0
DA:30,0
DA:37,0
DA:41,0
LF:10
LH:1
BRDA:30,0,0,0
BRDA:30,0,1,0
BRDA:35,1,0,0
BRDA:35,1,1,0
BRDA:41,2,0,0
BRDA:41,2,1,0
BRF:6
BRH:0
end_of_record
TN:
SF:C:\Users\Lenovo\Desktop\React Projects\React Course\React 2\React Router V6\Adopt a Pet\react_router_v6_project_starting_code\starting_code\src\components\pet\index.js
FN:3,(anonymous_0)
FNF:1
FNH:0
FNDA:0,(anonymous_0)
DA:3,1
DA:4,0
LF:2
LH:1
BRDA:16,0,0,0
BRDA:16,0,1,0
BRF:2
BRH:0
end_of_record
TN:
SF:C:\Users\Lenovo\Desktop\React Projects\React Course\React 2\React Router V6\Adopt a Pet\react_router_v6_project_starting_code\starting_code\src\components\root\index.js
FN:6,(anonymous_0)
FNF:1
FNH:0
FNDA:0,(anonymous_0)
DA:6,1
DA:7,0
LF:2
LH:1
BRF:0
BRH:0
end_of_record
TN:
SF:C:\Users\Lenovo\Desktop\React Projects\React Course\React 2\React Router V6\Adopt a Pet\react_router_v6_project_starting_code\starting_code\src\components\search\index.js
FN:5,(anonymous_0)
FN:12,(anonymous_1)
FNF:2
FNH:0
FNDA:0,(anonymous_0)
FNDA:0,(anonymous_1)
DA:5,1
DA:8,0
DA:10,0
DA:12,0
DA:13,0
DA:15,0
DA:20,0
DA:21,0
DA:29,0
LF:9
LH:1
BRF:0
BRH:0
end_of_record
TN:
SF:C:\Users\Lenovo\Desktop\React Projects\React Course\React 2\React Router V6\Adopt a Pet\react_router_v6_project_starting_code\starting_code\src\mocks\browser.js
FNF:0
FNH:0
DA:4,0
LF:1
LH:0
BRF:0
BRH:0
end_of_record
TN:
SF:C:\Users\Lenovo\Desktop\React Projects\React Course\React 2\React Router V6\Adopt a Pet\react_router_v6_project_starting_code\starting_code\src\mocks\handlers.js
FN:7,(anonymous_0)
FN:10,(anonymous_1)
FN:17,(anonymous_2)
FN:22,(anonymous_3)
FN:31,(anonymous_4)
FNF:5
FNH:0
FNDA:0,(anonymous_0)
FNDA:0,(anonymous_1)
FNDA:0,(anonymous_2)
FNDA:0,(anonymous_3)
FNDA:0,(anonymous_4)
DA:6,0
DA:8,0
DA:11,0
DA:12,0
DA:13,0
DA:15,0
DA:16,0
DA:17,0
DA:20,0
DA:21,0
DA:23,0
DA:29,0
DA:32,0
DA:33,0
DA:35,0
DA:36,0
DA:39,0
LF:17
LH:0
BRDA:15,0,0,0
BRDA:15,0,1,0
BRDA:20,1,0,0
BRDA:20,1,1,0
BRDA:23,2,0,0
BRDA:23,2,1,0
BRDA:35,3,0,0
BRDA:35,3,1,0
BRF:8
BRH:0
end_of_record
TN:
SF:C:\Users\Lenovo\Desktop\React Projects\React Course\React 2\React Router V6\Adopt a Pet\react_router_v6_project_starting_code\starting_code\src\pages\detail\index.js
FN:10,(anonymous_0)
FN:16,(anonymous_1)
FN:17,getPetsData
FNF:3
FNH:0
FNDA:0,(anonymous_0)
FNDA:0,(anonymous_1)
FNDA:0,getPetsData
DA:10,1
DA:11,0
DA:12,0
DA:13,0
DA:14,0
DA:16,0
DA:18,0
DA:19,0
DA:20,0
DA:21,0
DA:23,0
DA:25,0
DA:28,0
DA:31,0
LF:14
LH:1
BRDA:33,0,0,0
BRDA:33,0,1,0
BRDA:35,1,0,0
BRDA:35,1,1,0
BRDA:42,2,0,0
BRDA:42,2,1,0
BRDA:50,3,0,0
BRDA:50,3,1,0
BRDA:58,4,0,0
BRDA:58,4,1,0
BRF:10
BRH:0
end_of_record
TN:
SF:C:\Users\Lenovo\Desktop\React Projects\React Course\React 2\React Router V6\Adopt a Pet\react_router_v6_project_starting_code\starting_code\src\pages\home\index.js
FN:9,(anonymous_0)
FN:13,(anonymous_1)
FN:14,getPetsData
FN:36,(anonymous_3)
FNF:4
FNH:0
FNDA:0,(anonymous_0)
FNDA:0,(anonymous_1)
FNDA:0,getPetsData
FNDA:0,(anonymous_3)
DA:9,1
DA:10,0
DA:11,0
DA:13,0
DA:15,0
DA:16,0
DA:19,0
DA:22,0
DA:23,0
DA:26,0
DA:37,0
LF:11
LH:1
BRDA:22,0,0,0
BRDA:22,0,1,0
BRDA:30,1,0,0
BRDA:30,1,1,0
BRDA:34,2,0,0
BRDA:34,2,1,0
BRDA:48,3,0,0
BRDA:48,3,1,0
BRF:8
BRH:0
end_of_record
TN:
SF:C:\Users\Lenovo\Desktop\React Projects\React Course\React 2\React Router V6\Adopt a Pet\react_router_v6_project_starting_code\starting_code\src\pages\petDetailsNotFound\index.js
FN:4,(anonymous_0)
FN:9,(anonymous_1)
FNF:2
FNH:0
FNDA:0,(anonymous_0)
FNDA:0,(anonymous_1)
DA:4,1
DA:7,0
DA:9,0
DA:10,0
DA:13,0
LF:5
LH:1
BRF:0
BRH:0
end_of_record
TN:
SF:C:\Users\Lenovo\Desktop\React Projects\React Course\React 2\React Router V6\Adopt a Pet\react_router_v6_project_starting_code\starting_code\src\pages\search\index.js
FN:7,(anonymous_0)
FN:15,(anonymous_1)
FN:16,getPetsData
FN:33,(anonymous_3)
FNF:4
FNH:0
FNDA:0,(anonymous_0)
FNDA:0,(anonymous_1)
FNDA:0,getPetsData
FNDA:0,(anonymous_3)
DA:7,1
DA:10,0
DA:11,0
DA:13,0
DA:15,0
DA:17,0
DA:19,0
DA:22,0
DA:25,0
DA:34,0
LF:10
LH:1
BRF:0
BRH:0
end_of_record
